<?xml version="1.0" encoding="UTF-8"?>
<!-- Generated by org.testng.reporters.JUnitReportReporter -->
<testsuite hostname="SeenaReddy" failures="0" tests="1" name="com.testNG.AuotLogin" time="4.944" errors="0" timestamp="2025-10-18T06:52:05 MDT" skipped="0">
  <testcase classname="com.testNG.AuotLogin" name="f" time="4.944"/>
</testsuite> <!-- com.testNG.AuotLogin -->
