<?xml version="1.0" encoding="UTF-8"?>
<!-- Generated by org.testng.reporters.JUnitReportReporter -->
<testsuite hostname="SeenaReddy" failures="0" tests="1" name="com.testNG.AuotLogin" time="13.485" errors="0" timestamp="2025-10-22T07:33:22 MDT" skipped="0">
  <testcase classname="com.testNG.AuotLogin" name="f" time="13.485"/>
</testsuite> <!-- com.testNG.AuotLogin -->
