<?xml version="1.0" encoding="UTF-8"?>
<!-- Generated by org.testng.reporters.JUnitReportReporter -->
<testsuite hostname="SeenaReddy" failures="0" tests="1" name="com.testNG.HyperLinkHandling" time="9.832" errors="0" timestamp="2025-10-22T07:36:45 MDT" skipped="0">
  <testcase classname="com.testNG.HyperLinkHandling" name="f" time="9.832"/>
</testsuite> <!-- com.testNG.HyperLinkHandling -->
