<?xml version="1.0" encoding="UTF-8"?>
<!-- Generated by org.testng.reporters.JUnitReportReporter -->
<testsuite hostname="SeenaReddy" failures="0" tests="1" name="com.testNG.GetTextDemo" time="6.925" errors="0" timestamp="2025-10-21T07:25:24 MDT" skipped="0">
  <testcase classname="com.testNG.GetTextDemo" name="f" time="6.925"/>
</testsuite> <!-- com.testNG.GetTextDemo -->
