<?xml version="1.0" encoding="UTF-8"?>
<!-- Generated by org.testng.reporters.JUnitReportReporter -->
<testsuite hostname="SeenaReddy" failures="0" tests="3" name="com.automationexercise.TS_01" time="6.101" errors="0" timestamp="2025-10-24T07:19:07 MDT" skipped="0">
  <testcase classname="com.automationexercise.TS_01" name="tc_01" time="3.972"/>
  <testcase classname="com.automationexercise.TS_01" name="tc_02" time="1.763"/>
  <testcase classname="com.automationexercise.TS_01" name="tc_03" time="0.366"/>
</testsuite> <!-- com.automationexercise.TS_01 -->
